<?xml version="1.0" encoding="UTF-8"?>
<!-- Generated by org.testng.reporters.JUnitReportReporter -->
<testsuite hostname="Dell-Laptop" name="com.sqa.na.salesforce.test.NewTest" tests="1" failures="0" timestamp="19 Jan 2016 06:03:43 GMT" time="980.075" errors="0">
  <testcase name="test" time="980.075" classname="com.sqa.na.salesforce.test.NewTest"/>
</testsuite> <!-- com.sqa.na.salesforce.test.NewTest -->
