<?xml version="1.0" encoding="UTF-8"?>
<!-- Generated by org.testng.reporters.JUnitReportReporter -->
<testsuite hostname="Dell-Laptop" name="com.sqa.na.selenium.GoogleSearchTest" tests="1" failures="0" timestamp="12 Jan 2016 02:37:33 GMT" time="9.959" errors="0">
  <testcase name="googleSearchTest" time="9.959" classname="com.sqa.na.selenium.GoogleSearchTest"/>
</testsuite> <!-- com.sqa.na.selenium.GoogleSearchTest -->
