<?xml version="1.0" encoding="UTF-8"?>
<!-- Generated by org.testng.reporters.JUnitReportReporter -->
<testsuite hostname="Dell-Laptop" name="com.sqa.na.selenium.ScreenShotTest" tests="1" failures="0" timestamp="14 Jan 2016 05:36:11 GMT" time="10.326" errors="0">
  <testcase name="f" time="10.326" classname="com.sqa.na.selenium.ScreenShotTest"/>
</testsuite> <!-- com.sqa.na.selenium.ScreenShotTest -->
