<?xml version="1.0" encoding="UTF-8"?>
<!-- Generated by org.testng.reporters.JUnitReportReporter -->
<testsuite hostname="Dell-Laptop" name="com.sqa.na.selenium.GoogleLoginTest" tests="1" failures="0" timestamp="12 Jan 2016 04:26:52 GMT" time="15.143" errors="0">
  <testcase name="testGoogleLogo" time="15.143" classname="com.sqa.na.selenium.GoogleLoginTest"/>
</testsuite> <!-- com.sqa.na.selenium.GoogleLoginTest -->
