<?xml version="1.0" encoding="UTF-8"?>
<!-- Generated by org.testng.reporters.JUnitReportReporter -->
<testsuite hostname="Dell-Laptop" name="com.sqa.na.salesforce.test.LoginButtonTest" tests="5" failures="0" timestamp="15 Jan 2016 04:23:26 GMT" time="96.899" errors="0">
  <testcase name="f" time="17.581" classname="com.sqa.na.salesforce.test.LoginButtonTest"/>
  <testcase name="f" time="20.313" classname="com.sqa.na.salesforce.test.LoginButtonTest"/>
  <testcase name="f" time="16.671" classname="com.sqa.na.salesforce.test.LoginButtonTest"/>
  <testcase name="f" time="20.736" classname="com.sqa.na.salesforce.test.LoginButtonTest"/>
  <testcase name="f" time="21.598" classname="com.sqa.na.salesforce.test.LoginButtonTest"/>
</testsuite> <!-- com.sqa.na.salesforce.test.LoginButtonTest -->
