<?xml version="1.0" encoding="UTF-8"?>
<!-- Generated by org.testng.reporters.JUnitReportReporter -->
<testsuite hostname="Dell-Laptop" name="com.sqa.na.salesforce.test.GoogleButtonTest" tests="1" failures="0" timestamp="15 Jan 2016 03:46:25 GMT" time="37.673" errors="0">
  <testcase name="testGoogleBtnVisibilty" time="37.673" classname="com.sqa.na.salesforce.test.GoogleButtonTest"/>
</testsuite> <!-- com.sqa.na.salesforce.test.GoogleButtonTest -->
