<?xml version="1.0" encoding="UTF-8"?>
<!-- Generated by org.testng.reporters.JUnitReportReporter -->
<testsuite hostname="Dell-Laptop" name="com.sqa.na.selenium.SalesForceLoginTest" tests="3" failures="0" timestamp="12 Jan 2016 04:42:47 GMT" time="58.647" errors="0">
  <testcase name="f" time="17.266" classname="com.sqa.na.selenium.SalesForceLoginTest"/>
  <testcase name="f" time="20.679" classname="com.sqa.na.selenium.SalesForceLoginTest"/>
  <testcase name="f" time="20.702" classname="com.sqa.na.selenium.SalesForceLoginTest"/>
</testsuite> <!-- com.sqa.na.selenium.SalesForceLoginTest -->
