<?xml version="1.0" encoding="UTF-8"?>
<!-- Generated by org.testng.reporters.JUnitReportReporter -->
<testsuite hostname="Dell-Laptop" name="com.sqa.na.selenium.ActionsTest" tests="1" failures="0" timestamp="14 Jan 2016 04:23:08 GMT" time="40.556" errors="0">
  <testcase name="testSortable" time="40.556" classname="com.sqa.na.selenium.ActionsTest"/>
</testsuite> <!-- com.sqa.na.selenium.ActionsTest -->
